
Currently Loaded Modules:
  1) craype-x86-spr          9) hdf5/1.14.3-intel-oneapi-mpi-intel
  2) craype/2.7.30          10) intel-oneapi/2023.2.0
  3) cray-dsmml/0.2.2       11) cray-mpich/8.1.28
  4) libfabric/1.15.2.0     12) binutils/2.41
  5) craype-network-ofi     13) intel-oneapi-compilers/2024.1.0
  6) PrgEnv-gnu/8.5.0       14) intel-oneapi-tbb/2021.10.0-intel
  7) anaconda3/2024.06.1    15) intel-oneapi-mkl/2024.0.0-intel
  8) cray-libsci/22.10.1.2  16) intel-oneapi-mpi/2021.12.1-intel

 

rm: cannot remove '*.cube': No such file or directory
ERROR: LoadError: EOFError: read end of file
Stacktrace:
  [1] unsafe_read(s::IOStream, p::Ptr{UInt8}, nb::UInt64)
    @ Base ./iostream.jl:425
  [2] unsafe_read
    @ ./io.jl:722 [inlined]
  [3] read!
    @ ./io.jl:740 [inlined]
  [4] read_block_f64
    @ /kfs2/projects/sipv/xkuang/softwares/ompi_openmx/openmx3.9/source/example/mos2/print_like_openmx.jl:17 [inlined]
  [5] (::var"#1#7")(io::IOStream)
    @ Main /kfs2/projects/sipv/xkuang/softwares/ompi_openmx/openmx3.9/source/example/mos2/print_like_openmx.jl:52
  [6] open(::var"#1#7", ::String, ::Vararg{String, N} where N; kwargs::Base.Iterators.Pairs{Union{}, Union{}, Tuple{}, NamedTuple{(), Tuple{}}})
    @ Base ./io.jl:330
  [7] open
    @ ./io.jl:328 [inlined]
  [8] read_olpr
    @ /kfs2/projects/sipv/xkuang/softwares/ompi_openmx/openmx3.9/source/example/mos2/print_like_openmx.jl:22 [inlined]
  [9] main()
    @ Main /kfs2/projects/sipv/xkuang/softwares/ompi_openmx/openmx3.9/source/example/mos2/print_like_openmx.jl:142
 [10] top-level scope
    @ /kfs2/projects/sipv/xkuang/softwares/ompi_openmx/openmx3.9/source/example/mos2/print_like_openmx.jl:145
in expression starting at /kfs2/projects/sipv/xkuang/softwares/ompi_openmx/openmx3.9/source/example/mos2/print_like_openmx.jl:145
